#-----------------------------------------------------------
# Vivado v2018.3 (64-bit)
# SW Build 2405991 on Thu Dec  6 23:38:27 MST 2018
# IP Build 2404404 on Fri Dec  7 01:43:56 MST 2018
# Start of session at: Sat Jun 20 16:17:20 2020
# Process ID: 6068
# Current directory: D:/ComDesignExp/EX2-copy/Ex2
# Command line: vivado.exe -gui_launcher_event rodinguilauncherevent18600 D:\ComDesignExp\EX2-copy\Ex2\Ex2.xpr
# Log file: D:/ComDesignExp/EX2-copy/Ex2/vivado.log
# Journal file: D:/ComDesignExp/EX2-copy/Ex2\vivado.jou
#-----------------------------------------------------------
start_gui
open_project D:/ComDesignExp/EX2-copy/Ex2/Ex2.xpr
CRITICAL WARNING: [Project 1-19] Could not find the file 'D:/ComDesignExp/EX2-copy/Ex2/Ex2.srcs/sources_1/ip/prgrom/rominstruction.coe'.
Scanning sources...
Finished scanning sources
INFO: [IP_Flow 19-234] Refreshing IP repositories
INFO: [IP_Flow 19-1704] No user IP repositories specified
INFO: [IP_Flow 19-2313] Loaded Vivado IP repository 'D:/vivado/Vivado/2018.3/data/ip'.
open_project: Time (s): cpu = 00:00:13 ; elapsed = 00:00:14 . Memory (MB): peak = 688.391 ; gain = 94.777
update_compile_order -fileset sources_1
save_project_as EX3 D:/ComDesignExp/EX3/EX3 -force
save_project_as: Time (s): cpu = 00:00:03 ; elapsed = 00:00:06 . Memory (MB): peak = 708.746 ; gain = 0.000
update_compile_order -fileset sources_1
update_compile_order -fileset sources_1
exit
INFO: [Common 17-206] Exiting Vivado at Sat Jun 20 16:19:23 2020...
